Using pre-set license
Built from '2020.3/release' branch; Version is '2020.3.7f1 (dd97f2c94397) revision 14522354'; Using compiler version '192528614'; Build Type 'Release'
OS: 'Windows 10 Home Single Language; OS build 19043.1165; Version 2009; 64bit' Language: 'tr' Physical Memory: 16267 MB
BatchMode: 1, IsHumanControllingUs: 0, StartBugReporterOnCrash: 0, Is64bit: 1, IsPro: 0

 COMMAND LINE ARGUMENTS:
C:\Users\asus\Desktop\Unity\2020.3.7f1\Editor\Unity.exe
-adb2
-batchMode
-noUpm
-name
AssetImportWorker0
-projectPath
C:/Users/asus/Downloads/KodluyoruzEducationalProject-Final/KodluyoruzEducationalProject-Final
-logFile
Logs/AssetImportWorker0.log
-srvPort
58876
Successfully changed project path to: C:/Users/asus/Downloads/KodluyoruzEducationalProject-Final/KodluyoruzEducationalProject-Final
C:/Users/asus/Downloads/KodluyoruzEducationalProject-Final/KodluyoruzEducationalProject-Final
Using Asset Import Pipeline V2.
Refreshing native plugins compatible for Editor in 36.42 ms, found 0 plugins.
Preloading 0 native plugins for Editor in 0.00 ms.
Initialize engine version: 2020.3.7f1 (dd97f2c94397)
[Subsystems] Discovering subsystems at path C:/Users/asus/Desktop/Unity/2020.3.7f1/Editor/Data/Resources/UnitySubsystems
[Subsystems] Discovering subsystems at path C:/Users/asus/Downloads/KodluyoruzEducationalProject-Final/KodluyoruzEducationalProject-Final/Assets
GfxDevice: creating device client; threaded=0
Direct3D:
    Version:  Direct3D 11.0 [level 11.0]
    Renderer: NVIDIA GeForce GTX 850M (ID=0x1391)
    Vendor:   
    VRAM:     4055 MB
Initialize mono
Mono path[0] = 'C:/Users/asus/Desktop/Unity/2020.3.7f1/Editor/Data/Managed'
Mono path[1] = 'C:/Users/asus/Desktop/Unity/2020.3.7f1/Editor/Data/MonoBleedingEdge/lib/mono/unityjit'
Mono config path = 'C:/Users/asus/Desktop/Unity/2020.3.7f1/Editor/Data/MonoBleedingEdge/etc'
Using monoOptions --debugger-agent=transport=dt_socket,embedding=1,server=y,suspend=n,address=127.0.0.1:56984
Begin MonoManager ReloadAssembly
Registering precompiled unity dll's ...
Register platform support module: C:/Users/asus/Desktop/Unity/2020.3.7f1/Editor/Data/PlaybackEngines/WindowsStandaloneSupport/UnityEditor.WindowsStandalone.Extensions.dll
Registered in 0.002381 seconds.
Native extension for WindowsStandalone target not found
Refreshing native plugins compatible for Editor in 31.09 ms, found 0 plugins.
Preloading 0 native plugins for Editor in 0.00 ms.
Mono: successfully reloaded assembly
- Completed reload, in  2.052 seconds
Platform modules already initialized, skipping
Registering precompiled user dll's ...
Registered in 0.011275 seconds.
Begin MonoManager ReloadAssembly
Native extension for WindowsStandalone target not found
Refreshing native plugins compatible for Editor in 0.42 ms, found 0 plugins.
Preloading 0 native plugins for Editor in 0.00 ms.
Mono: successfully reloaded assembly
- Completed reload, in  1.416 seconds
Platform modules already initialized, skipping
========================================================================
Worker process is ready to serve import requests
Launched and connected shader compiler UnityShaderCompiler.exe after 0.05 seconds
Refreshing native plugins compatible for Editor in 0.41 ms, found 0 plugins.
Preloading 0 native plugins for Editor in 0.00 ms.
Unloading 1176 Unused Serialized files (Serialized files now loaded: 0)
System memory in use before: 62.0 MB.
System memory in use after: 62.0 MB.

Unloading 27 unused Assets to reduce memory usage. Loaded Objects now: 1661.
Total: 20.916300 ms (FindLiveObjects: 0.208100 ms CreateObjectMapping: 0.054200 ms MarkObjects: 20.561100 ms  DeleteObjects: 0.090900 ms)

========================================================================
Received Import Request.
  path: Assets/Kodluyoruz/Core/Systems/PlayerDataSystem
  artifactKey: Guid(14cbf2cf59f354e10b69f13b8d9d8d47) Importer(815301076,1909f56bfc062723c751e8b465ee728b)
Start importing Assets/Kodluyoruz/Core/Systems/PlayerDataSystem using Guid(14cbf2cf59f354e10b69f13b8d9d8d47) Importer(815301076,1909f56bfc062723c751e8b465ee728b)  -> (artifact id: '9ab324a58b47f5a312bb74403b7e1668') in 0.011817 seconds
  Import took 0.014446 seconds .

========================================================================
Received Import Request.
  Time since last request: 0.000262 seconds.
  path: Assets/Kodluyoruz/Core/Systems/PoolingSystem/PoolingSystem.cs
  artifactKey: Guid(073e548914439214d93b56c61e3b4f54) Importer(815301076,1909f56bfc062723c751e8b465ee728b)
Start importing Assets/Kodluyoruz/Core/Systems/PoolingSystem/PoolingSystem.cs using Guid(073e548914439214d93b56c61e3b4f54) Importer(815301076,1909f56bfc062723c751e8b465ee728b)  -> (artifact id: '0d69f7c240651fd052f1f77091f3d1db') in 0.031091 seconds
  Import took 0.033562 seconds .

AssetImportWorkerClient::OnTransportError - code=2 error=End of file
